INFO Watching for file changes with StatReloader
Performing system checks...

System check identified no issues (0 silenced).
July 28, 2025 - 17:21:24
Django version 5.2.3, using settings 'core.settings'
Starting development server at http://127.0.0.1:8000/
Quit the server with CTRL-BREAK.

WARNING: This is a development server. Do not use it in a production setting. Use a production WSGI or ASGI server instead.
For more information on production servers see: https://docs.djangoproject.com/en/5.2/howto/deployment/
INFO C:\Users\davi_\Documents\Render\mi_api_backend\timehub\views.py changed, reloading.
INFO Watching for file changes with StatReloader
INFO C:\Users\davi_\Documents\Render\mi_api_backend\timehub\views.py changed, reloading.
Performing system checks...

System check identified no issues (0 silenced).
July 28, 2025 - 17:26:48
Django version 5.2.3, using settings 'core.settings'
Starting development server at http://127.0.0.1:8000/
Quit the server with CTRL-BREAK.

WARNING: This is a development server. Do not use it in a production setting. Use a production WSGI or ASGI server instead.
For more information on production servers see: https://docs.djangoproject.com/en/5.2/howto/deployment/
INFO Watching for file changes with StatReloader
INFO C:\Users\davi_\Documents\Render\mi_api_backend\timehub\views.py changed, reloading.
Performing system checks...

System check identified no issues (0 silenced).
July 28, 2025 - 17:26:53
Django version 5.2.3, using settings 'core.settings'
Starting development server at http://127.0.0.1:8000/
Quit the server with CTRL-BREAK.

WARNING: This is a development server. Do not use it in a production setting. Use a production WSGI or ASGI server instead.
For more information on production servers see: https://docs.djangoproject.com/en/5.2/howto/deployment/
INFO Watching for file changes with StatReloader
INFO C:\Users\davi_\Documents\Render\mi_api_backend\timehub\views.py changed, reloading.
Performing system checks...

System check identified no issues (0 silenced).
July 28, 2025 - 17:26:57
Django version 5.2.3, using settings 'core.settings'
Starting development server at http://127.0.0.1:8000/
Quit the server with CTRL-BREAK.

WARNING: This is a development server. Do not use it in a production setting. Use a production WSGI or ASGI server instead.
For more information on production servers see: https://docs.djangoproject.com/en/5.2/howto/deployment/
INFO Watching for file changes with StatReloader
INFO C:\Users\davi_\Documents\Render\mi_api_backend\timehub\views.py changed, reloading.
Performing system checks...

System check identified no issues (0 silenced).
July 28, 2025 - 17:48:28
Django version 5.2.3, using settings 'core.settings'
Starting development server at http://127.0.0.1:8000/
Quit the server with CTRL-BREAK.

WARNING: This is a development server. Do not use it in a production setting. Use a production WSGI or ASGI server instead.
For more information on production servers see: https://docs.djangoproject.com/en/5.2/howto/deployment/
INFO Watching for file changes with StatReloader
Performing system checks...

System check identified no issues (0 silenced).
July 28, 2025 - 17:48:32
Django version 5.2.3, using settings 'core.settings'
Starting development server at http://127.0.0.1:8000/
Quit the server with CTRL-BREAK.

WARNING: This is a development server. Do not use it in a production setting. Use a production WSGI or ASGI server instead.
For more information on production servers see: https://docs.djangoproject.com/en/5.2/howto/deployment/
INFO C:\Users\davi_\Documents\Render\mi_api_backend\timehub\models.py changed, reloading.
INFO Watching for file changes with StatReloader
INFO C:\Users\davi_\Documents\Render\mi_api_backend\timehub\models.py changed, reloading.
Performing system checks...

System check identified no issues (0 silenced).
July 28, 2025 - 18:53:19
Django version 5.2.3, using settings 'core.settings'
Starting development server at http://127.0.0.1:8000/
Quit the server with CTRL-BREAK.

WARNING: This is a development server. Do not use it in a production setting. Use a production WSGI or ASGI server instead.
For more information on production servers see: https://docs.djangoproject.com/en/5.2/howto/deployment/
INFO Watching for file changes with StatReloader
Exception in thread django-main-thread:
Traceback (most recent call last):
  File "C:\Python313\Lib\threading.py", line 1041, in _bootstrap_inner
    self.run()
    ~~~~~~~~^^
  File "C:\Python313\Lib\threading.py", line 992, in run
    self._target(*self._args, **self._kwargs)
    ~~~~~~~~~~~~^^^^^^^^^^^^^^^^^^^^^^^^^^^^^
  File "C:\Users\davi_\Documents\Render\mi_api_backend\venv\Lib\site-packages\django\utils\autoreload.py", line 64, in wrapper
    fn(*args, **kwargs)
    ~~^^^^^^^^^^^^^^^^^
  File "C:\Users\davi_\Documents\Render\mi_api_backend\venv\Lib\site-packages\django\core\management\commands\runserver.py", line 124, in inner_run
    autoreload.raise_last_exception()
    ~~~~~~~~~~~~~~~~~~~~~~~~~~~~~~~^^
  File "C:\Users\davi_\Documents\Render\mi_api_backend\venv\Lib\site-packages\django\utils\autoreload.py", line 86, in raise_last_exception
    raise _exception[1]
  File "C:\Users\davi_\Documents\Render\mi_api_backend\venv\Lib\site-packages\django\core\management\__init__.py", line 394, in execute
    autoreload.check_errors(django.setup)()
    ~~~~~~~~~~~~~~~~~~~~~~~~~~~~~~~~~~~~~^^
  File "C:\Users\davi_\Documents\Render\mi_api_backend\venv\Lib\site-packages\django\utils\autoreload.py", line 64, in wrapper
    fn(*args, **kwargs)
    ~~^^^^^^^^^^^^^^^^^
  File "C:\Users\davi_\Documents\Render\mi_api_backend\venv\Lib\site-packages\django\__init__.py", line 24, in setup
    apps.populate(settings.INSTALLED_APPS)
    ~~~~~~~~~~~~~^^^^^^^^^^^^^^^^^^^^^^^^^
  File "C:\Users\davi_\Documents\Render\mi_api_backend\venv\Lib\site-packages\django\apps\registry.py", line 116, in populate
    app_config.import_models()
    ~~~~~~~~~~~~~~~~~~~~~~~~^^
  File "C:\Users\davi_\Documents\Render\mi_api_backend\venv\Lib\site-packages\django\apps\config.py", line 269, in import_models
    self.models_module = import_module(models_module_name)
                         ~~~~~~~~~~~~~^^^^^^^^^^^^^^^^^^^^
  File "C:\Python313\Lib\importlib\__init__.py", line 88, in import_module
    return _bootstrap._gcd_import(name[level:], package, level)
           ~~~~~~~~~~~~~~~~~~~~~~^^^^^^^^^^^^^^^^^^^^^^^^^^^^^^
  File "<frozen importlib._bootstrap>", line 1387, in _gcd_import
  File "<frozen importlib._bootstrap>", line 1360, in _find_and_load
  File "<frozen importlib._bootstrap>", line 1331, in _find_and_load_unlocked
  File "<frozen importlib._bootstrap>", line 935, in _load_unlocked
  File "<frozen importlib._bootstrap_external>", line 1026, in exec_module
  File "<frozen importlib._bootstrap>", line 488, in _call_with_frames_removed
  File "C:\Users\davi_\Documents\Render\mi_api_backend\timehub\models.py", line 377, in <module>
    class UserProfile(models.Model):
    ...<40 lines>...
            ordering = ['user__username']
  File "C:\Users\davi_\Documents\Render\mi_api_backend\timehub\models.py", line 380, in UserProfile
    country = models.ForeignKey(Country, on_delete=models.SET_NULL, null=True, blank=True)
                                ^^^^^^^
NameError: name 'Country' is not defined
INFO C:\Users\davi_\Documents\Render\mi_api_backend\timehub\models.py changed, reloading.
C:\Users\davi_\Documents\Render\mi_api_backend\venv\Lib\site-packages\django\db\models\base.py:368: RuntimeWarning: Model 'timehub.country' was already registered. Reloading models is not advised as it can lead to inconsistencies, most notably with related models.
  new_class._meta.apps.register_model(new_class._meta.app_label, new_class)
INFO Watching for file changes with StatReloader
Exception in thread django-main-thread:
Traceback (most recent call last):
  File "C:\Python313\Lib\threading.py", line 1041, in _bootstrap_inner
    self.run()
    ~~~~~~~~^^
  File "C:\Python313\Lib\threading.py", line 992, in run
    self._target(*self._args, **self._kwargs)
    ~~~~~~~~~~~~^^^^^^^^^^^^^^^^^^^^^^^^^^^^^
  File "C:\Users\davi_\Documents\Render\mi_api_backend\venv\Lib\site-packages\django\utils\autoreload.py", line 64, in wrapper
    fn(*args, **kwargs)
    ~~^^^^^^^^^^^^^^^^^
  File "C:\Users\davi_\Documents\Render\mi_api_backend\venv\Lib\site-packages\django\core\management\commands\runserver.py", line 134, in inner_run
    self.check(**check_kwargs)
    ~~~~~~~~~~^^^^^^^^^^^^^^^^
  File "C:\Users\davi_\Documents\Render\mi_api_backend\venv\Lib\site-packages\django\core\management\base.py", line 569, in check
    raise SystemCheckError(msg)
django.core.management.base.SystemCheckError: SystemCheckError: System check identified some issues:

ERRORS:
timehub.UserProfile.country: (fields.E300) Field defines a relation with model 'Country', which is either not installed, or is abstract.

System check identified 1 issue (0 silenced).
INFO C:\Users\davi_\Documents\Render\mi_api_backend\timehub\models.py changed, reloading.
Performing system checks...

INFO Watching for file changes with StatReloader
Performing system checks...

System check identified no issues (0 silenced).
July 28, 2025 - 18:55:23
Django version 5.2.3, using settings 'core.settings'
Starting development server at http://127.0.0.1:8000/
Quit the server with CTRL-BREAK.

WARNING: This is a development server. Do not use it in a production setting. Use a production WSGI or ASGI server instead.
For more information on production servers see: https://docs.djangoproject.com/en/5.2/howto/deployment/
INFO C:\Users\davi_\Documents\Render\mi_api_backend\timehub\serializers.py changed, reloading.
INFO Watching for file changes with StatReloader
INFO C:\Users\davi_\Documents\Render\mi_api_backend\timehub\serializers.py changed, reloading.
Performing system checks...

System check identified no issues (0 silenced).
July 28, 2025 - 18:55:54
Django version 5.2.3, using settings 'core.settings'
Starting development server at http://127.0.0.1:8000/
Quit the server with CTRL-BREAK.

WARNING: This is a development server. Do not use it in a production setting. Use a production WSGI or ASGI server instead.
For more information on production servers see: https://docs.djangoproject.com/en/5.2/howto/deployment/
INFO Watching for file changes with StatReloader
INFO C:\Users\davi_\Documents\Render\mi_api_backend\timehub\serializers.py changed, reloading.
Performing system checks...

System check identified no issues (0 silenced).
July 28, 2025 - 18:56:05
Django version 5.2.3, using settings 'core.settings'
Starting development server at http://127.0.0.1:8000/
Quit the server with CTRL-BREAK.

WARNING: This is a development server. Do not use it in a production setting. Use a production WSGI or ASGI server instead.
For more information on production servers see: https://docs.djangoproject.com/en/5.2/howto/deployment/
INFO Watching for file changes with StatReloader
INFO C:\Users\davi_\Documents\Render\mi_api_backend\timehub\serializers.py changed, reloading.
Performing system checks...

System check identified no issues (0 silenced).
July 28, 2025 - 18:56:28
Django version 5.2.3, using settings 'core.settings'
Starting development server at http://127.0.0.1:8000/
Quit the server with CTRL-BREAK.

WARNING: This is a development server. Do not use it in a production setting. Use a production WSGI or ASGI server instead.
For more information on production servers see: https://docs.djangoproject.com/en/5.2/howto/deployment/
INFO Watching for file changes with StatReloader
INFO C:\Users\davi_\Documents\Render\mi_api_backend\timehub\views.py changed, reloading.
Performing system checks...

System check identified no issues (0 silenced).
July 28, 2025 - 18:56:40
Django version 5.2.3, using settings 'core.settings'
Starting development server at http://127.0.0.1:8000/
Quit the server with CTRL-BREAK.

WARNING: This is a development server. Do not use it in a production setting. Use a production WSGI or ASGI server instead.
For more information on production servers see: https://docs.djangoproject.com/en/5.2/howto/deployment/
INFO Watching for file changes with StatReloader
INFO C:\Users\davi_\Documents\Render\mi_api_backend\timehub\views.py changed, reloading.
Performing system checks...

System check identified no issues (0 silenced).
July 28, 2025 - 18:56:53
Django version 5.2.3, using settings 'core.settings'
Starting development server at http://127.0.0.1:8000/
Quit the server with CTRL-BREAK.

WARNING: This is a development server. Do not use it in a production setting. Use a production WSGI or ASGI server instead.
For more information on production servers see: https://docs.djangoproject.com/en/5.2/howto/deployment/
INFO Watching for file changes with StatReloader
INFO C:\Users\davi_\Documents\Render\mi_api_backend\timehub\views.py changed, reloading.
Performing system checks...

System check identified no issues (0 silenced).
July 28, 2025 - 18:57:05
Django version 5.2.3, using settings 'core.settings'
Starting development server at http://127.0.0.1:8000/
Quit the server with CTRL-BREAK.

WARNING: This is a development server. Do not use it in a production setting. Use a production WSGI or ASGI server instead.
For more information on production servers see: https://docs.djangoproject.com/en/5.2/howto/deployment/
INFO Watching for file changes with StatReloader
INFO C:\Users\davi_\Documents\Render\mi_api_backend\timehub\views.py changed, reloading.
Performing system checks...

System check identified no issues (0 silenced).
July 28, 2025 - 18:57:28
Django version 5.2.3, using settings 'core.settings'
Starting development server at http://127.0.0.1:8000/
Quit the server with CTRL-BREAK.

WARNING: This is a development server. Do not use it in a production setting. Use a production WSGI or ASGI server instead.
For more information on production servers see: https://docs.djangoproject.com/en/5.2/howto/deployment/
INFO Watching for file changes with StatReloader
INFO C:\Users\davi_\Documents\Render\mi_api_backend\timehub\views.py changed, reloading.
Performing system checks...

System check identified no issues (0 silenced).
July 28, 2025 - 18:57:40
Django version 5.2.3, using settings 'core.settings'
Starting development server at http://127.0.0.1:8000/
Quit the server with CTRL-BREAK.

WARNING: This is a development server. Do not use it in a production setting. Use a production WSGI or ASGI server instead.
For more information on production servers see: https://docs.djangoproject.com/en/5.2/howto/deployment/
INFO Watching for file changes with StatReloader
INFO C:\Users\davi_\Documents\Render\mi_api_backend\timehub\views.py changed, reloading.
Performing system checks...

System check identified no issues (0 silenced).
July 28, 2025 - 18:58:05
Django version 5.2.3, using settings 'core.settings'
Starting development server at http://127.0.0.1:8000/
Quit the server with CTRL-BREAK.

WARNING: This is a development server. Do not use it in a production setting. Use a production WSGI or ASGI server instead.
For more information on production servers see: https://docs.djangoproject.com/en/5.2/howto/deployment/
INFO Watching for file changes with StatReloader
INFO C:\Users\davi_\Documents\Render\mi_api_backend\timehub\views.py changed, reloading.
Performing system checks...

System check identified no issues (0 silenced).
July 28, 2025 - 18:58:26
Django version 5.2.3, using settings 'core.settings'
Starting development server at http://127.0.0.1:8000/
Quit the server with CTRL-BREAK.

WARNING: This is a development server. Do not use it in a production setting. Use a production WSGI or ASGI server instead.
For more information on production servers see: https://docs.djangoproject.com/en/5.2/howto/deployment/
INFO Watching for file changes with StatReloader
INFO C:\Users\davi_\Documents\Render\mi_api_backend\timehub\urls.py changed, reloading.
Performing system checks...

System check identified no issues (0 silenced).
July 28, 2025 - 18:58:46
Django version 5.2.3, using settings 'core.settings'
Starting development server at http://127.0.0.1:8000/
Quit the server with CTRL-BREAK.

WARNING: This is a development server. Do not use it in a production setting. Use a production WSGI or ASGI server instead.
For more information on production servers see: https://docs.djangoproject.com/en/5.2/howto/deployment/
INFO Watching for file changes with StatReloader
INFO C:\Users\davi_\Documents\Render\mi_api_backend\timehub\urls.py changed, reloading.
Performing system checks...

System check identified no issues (0 silenced).
July 28, 2025 - 18:59:09
Django version 5.2.3, using settings 'core.settings'
Starting development server at http://127.0.0.1:8000/
Quit the server with CTRL-BREAK.

WARNING: This is a development server. Do not use it in a production setting. Use a production WSGI or ASGI server instead.
For more information on production servers see: https://docs.djangoproject.com/en/5.2/howto/deployment/
INFO Watching for file changes with StatReloader
INFO C:\Users\davi_\Documents\Render\mi_api_backend\timehub\serializers.py changed, reloading.
Performing system checks...

System check identified no issues (0 silenced).
July 28, 2025 - 18:59:20
Django version 5.2.3, using settings 'core.settings'
Starting development server at http://127.0.0.1:8000/
Quit the server with CTRL-BREAK.

WARNING: This is a development server. Do not use it in a production setting. Use a production WSGI or ASGI server instead.
For more information on production servers see: https://docs.djangoproject.com/en/5.2/howto/deployment/
INFO Watching for file changes with StatReloader
INFO C:\Users\davi_\Documents\Render\mi_api_backend\timehub\models.py changed, reloading.
Performing system checks...

System check identified no issues (0 silenced).
July 28, 2025 - 19:01:42
Django version 5.2.3, using settings 'core.settings'
Starting development server at http://127.0.0.1:8000/
Quit the server with CTRL-BREAK.

WARNING: This is a development server. Do not use it in a production setting. Use a production WSGI or ASGI server instead.
For more information on production servers see: https://docs.djangoproject.com/en/5.2/howto/deployment/
INFO Watching for file changes with StatReloader
INFO C:\Users\davi_\Documents\Render\mi_api_backend\timehub\admin.py changed, reloading.
Performing system checks...

System check identified no issues (0 silenced).
July 28, 2025 - 19:27:12
Django version 5.2.3, using settings 'core.settings'
Starting development server at http://127.0.0.1:8000/
Quit the server with CTRL-BREAK.

WARNING: This is a development server. Do not use it in a production setting. Use a production WSGI or ASGI server instead.
For more information on production servers see: https://docs.djangoproject.com/en/5.2/howto/deployment/
INFO Watching for file changes with StatReloader
INFO C:\Users\davi_\Documents\Render\mi_api_backend\timehub\admin.py changed, reloading.
Performing system checks...

System check identified no issues (0 silenced).
July 28, 2025 - 19:31:26
Django version 5.2.3, using settings 'core.settings'
Starting development server at http://127.0.0.1:8000/
Quit the server with CTRL-BREAK.

WARNING: This is a development server. Do not use it in a production setting. Use a production WSGI or ASGI server instead.
For more information on production servers see: https://docs.djangoproject.com/en/5.2/howto/deployment/
INFO Watching for file changes with StatReloader
INFO "GET /admin/auth/user/30/change/ HTTP/1.1" 200 55223
INFO "GET /admin/jsi18n/ HTTP/1.1" 200 8691
INFO "GET /admin/timehub/userprofile/ HTTP/1.1" 200 34252
INFO "GET /admin/jsi18n/ HTTP/1.1" 200 8691
INFO "GET /admin/timehub/holiday/ HTTP/1.1" 200 37791
INFO "GET /admin/jsi18n/ HTTP/1.1" 200 8691
INFO "GET /admin/timehub/holiday/add/ HTTP/1.1" 200 31673
INFO "GET /admin/jsi18n/ HTTP/1.1" 200 8691
INFO "GET /admin/timehub/country/ HTTP/1.1" 200 32110
INFO "GET /admin/jsi18n/ HTTP/1.1" 200 8691
INFO "GET /admin/timehub/country/add/ HTTP/1.1" 200 31230
INFO "GET /admin/jsi18n/ HTTP/1.1" 200 8691
INFO "GET /admin/timehub/country/ HTTP/1.1" 200 32110
INFO "GET /admin/jsi18n/ HTTP/1.1" 200 8691
INFO "GET /admin/timehub/country/1/change/ HTTP/1.1" 200 31512
INFO "GET /admin/jsi18n/ HTTP/1.1" 200 8691
INFO "GET /admin/timehub/country/ HTTP/1.1" 200 32110
INFO "GET /admin/jsi18n/ HTTP/1.1" 200 8691
INFO "GET /admin/timehub/country/add/ HTTP/1.1" 200 31230
INFO "GET /admin/jsi18n/ HTTP/1.1" 200 8691
INFO "POST /admin/timehub/country/add/ HTTP/1.1" 302 0
INFO "GET /admin/timehub/country/ HTTP/1.1" 200 32806
INFO "GET /admin/jsi18n/ HTTP/1.1" 200 8691
INFO "GET /admin/timehub/userprofile/ HTTP/1.1" 200 34324
INFO "GET /admin/jsi18n/ HTTP/1.1" 200 8691
INFO "GET /admin/timehub/userprofile/4/change/ HTTP/1.1" 200 37040
INFO "GET /admin/jsi18n/ HTTP/1.1" 200 8691
INFO "GET /static/admin/img/icon-deletelink.svg HTTP/1.1" 200 392
INFO "POST /admin/timehub/userprofile/4/change/ HTTP/1.1" 302 0
INFO "GET /admin/timehub/userprofile/ HTTP/1.1" 200 34578
INFO "GET /admin/jsi18n/ HTTP/1.1" 200 8691
INFO "GET /admin/timehub/userprofile/2/change/ HTTP/1.1" 200 37016
INFO "GET /admin/jsi18n/ HTTP/1.1" 200 8691
INFO "POST /admin/timehub/userprofile/2/change/ HTTP/1.1" 302 0
INFO "GET /admin/timehub/userprofile/ HTTP/1.1" 200 34582
INFO "GET /admin/jsi18n/ HTTP/1.1" 200 8691
INFO "GET /admin/timehub/userprofile/3/change/ HTTP/1.1" 200 37024
INFO "GET /admin/jsi18n/ HTTP/1.1" 200 8691
INFO "POST /admin/timehub/userprofile/3/change/ HTTP/1.1" 302 0
INFO "GET /admin/timehub/userprofile/ HTTP/1.1" 200 34594
INFO "GET /admin/jsi18n/ HTTP/1.1" 200 8691
INFO "GET /admin/timehub/userprofile/4/change/ HTTP/1.1" 200 37041
INFO "GET /admin/jsi18n/ HTTP/1.1" 200 8691
INFO "GET /admin/auth/user/?_to_field=id&_popup=1 HTTP/1.1" 200 14810
INFO "POST /admin/timehub/userprofile/4/change/ HTTP/1.1" 302 0
INFO "GET /admin/timehub/userprofile/ HTTP/1.1" 200 34598
INFO "GET /admin/jsi18n/ HTTP/1.1" 200 8691
INFO "POST /api/timehub/v1/auth/token/ HTTP/1.1" 200 486
INFO "OPTIONS /api/timehub/v1/leave-requests/?user=31 HTTP/1.1" 200 0
INFO "OPTIONS /api/timehub/v1/leave-requests/?user=31 HTTP/1.1" 200 0
INFO "GET /api/timehub/v1/leave-types/?is_active=true HTTP/1.1" 200 2006
INFO "GET /api/timehub/v1/leave-requests/?user=31 HTTP/1.1" 200 2
INFO "GET /api/timehub/v1/leave-types/?is_active=true HTTP/1.1" 200 2006
INFO "GET /api/timehub/v1/leave-requests/?user=31 HTTP/1.1" 200 2
INFO "OPTIONS /api/timehub/v1/leave-balance/?user=31&year=2025 HTTP/1.1" 200 0
INFO "OPTIONS /api/timehub/v1/leave-calendar/?user=31&year=2025 HTTP/1.1" 200 0
INFO "OPTIONS /api/timehub/v1/leave-balance/?user=31&year=2025 HTTP/1.1" 200 0
INFO "OPTIONS /api/timehub/v1/leave-calendar/?user=31&year=2025 HTTP/1.1" 200 0
INFO "GET /api/timehub/v1/leave-calendar/?user=31&year=2025 HTTP/1.1" 200 2
INFO "GET /api/timehub/v1/leave-calendar/?user=31&year=2025 HTTP/1.1" 200 2
INFO "GET /api/timehub/v1/leave-balance/?user=31&year=2025 HTTP/1.1" 200 1292
INFO "GET /api/timehub/v1/leave-balance/?user=31&year=2025 HTTP/1.1" 200 1292
INFO "OPTIONS /api/timehub/v1/leave-requests/ HTTP/1.1" 200 0
INFO "POST /api/timehub/v1/leave-requests/ HTTP/1.1" 201 656
INFO "OPTIONS /api/timehub/v1/leave-requests/12/submit/ HTTP/1.1" 200 0
WARNING Bad Request: /api/timehub/v1/leave-requests/12/submit/
WARNING "POST /api/timehub/v1/leave-requests/12/submit/ HTTP/1.1" 400 45
INFO "GET /api/timehub/v1/leave-types/?is_active=true HTTP/1.1" 200 2006
INFO "GET /api/timehub/v1/leave-requests/?user=31 HTTP/1.1" 200 658
INFO "GET /api/timehub/v1/leave-calendar/?user=31&year=2025 HTTP/1.1" 200 792
INFO "GET /api/timehub/v1/leave-calendar/?user=31&year=2025 HTTP/1.1" 200 792
INFO "GET /api/timehub/v1/leave-balance/?user=31&year=2025 HTTP/1.1" 200 1292
INFO "GET /api/timehub/v1/leave-balance/?user=31&year=2025 HTTP/1.1" 200 1292
INFO "OPTIONS /api/timehub/v1/leave-requests/?status=SUBMITTED HTTP/1.1" 200 0
INFO "OPTIONS /api/timehub/v1/leave-requests/?status=SUBMITTED HTTP/1.1" 200 0
INFO "GET /api/timehub/v1/leave-requests/?status=SUBMITTED HTTP/1.1" 200 658
INFO "GET /api/timehub/v1/leave-requests/?status=SUBMITTED HTTP/1.1" 200 658
INFO "OPTIONS /api/timehub/v1/project-assignments/?user=31&start_date=2025-07-30&end_date=2025-08-05 HTTP/1.1" 200 0
INFO "OPTIONS /api/timehub/v1/project-assignments/?user=31&start_date=2025-07-30&end_date=2025-08-05 HTTP/1.1" 200 0
INFO "GET /api/timehub/v1/project-assignments/?user=31&start_date=2025-07-30&end_date=2025-08-05 HTTP/1.1" 200 473
INFO "GET /api/timehub/v1/project-assignments/?user=31&start_date=2025-07-30&end_date=2025-08-05 HTTP/1.1" 200 473
INFO "OPTIONS /api/timehub/v1/leave-requests/12/approve/ HTTP/1.1" 200 0
INFO "POST /api/timehub/v1/leave-requests/12/approve/ HTTP/1.1" 200 49
INFO "GET /api/timehub/v1/leave-requests/?status=SUBMITTED HTTP/1.1" 200 2
INFO "GET /api/timehub/v1/leave-types/?is_active=true HTTP/1.1" 200 2006
INFO "GET /api/timehub/v1/leave-requests/?user=31 HTTP/1.1" 200 735
INFO "GET /api/timehub/v1/leave-requests/?status=SUBMITTED HTTP/1.1" 200 2
INFO "GET /api/timehub/v1/leave-requests/?status=SUBMITTED HTTP/1.1" 200 2
INFO "GET /api/timehub/v1/leave-calendar/?user=31&year=2025 HTTP/1.1" 200 855
INFO "GET /api/timehub/v1/leave-balance/?user=31&year=2025 HTTP/1.1" 200 1292
INFO "GET /api/timehub/v1/leave-calendar/?user=31&year=2025 HTTP/1.1" 200 855
INFO "GET /api/timehub/v1/leave-balance/?user=31&year=2025 HTTP/1.1" 200 1292
INFO "GET /admin/timehub/leaverequest/ HTTP/1.1" 200 38793
INFO "GET /admin/jsi18n/ HTTP/1.1" 200 8691
INFO "GET /admin/timehub/leaverequest/12/change/ HTTP/1.1" 200 38434
INFO "GET /admin/jsi18n/ HTTP/1.1" 200 8691
INFO "POST /admin/timehub/leaverequest/12/change/ HTTP/1.1" 302 0
INFO "GET /admin/timehub/leaverequest/ HTTP/1.1" 200 39061
INFO "GET /admin/jsi18n/ HTTP/1.1" 200 8691
INFO "GET /api/timehub/v1/leave-types/?is_active=true HTTP/1.1" 200 2006
INFO "GET /api/timehub/v1/leave-requests/?user=31 HTTP/1.1" 200 728
INFO "GET /api/timehub/v1/leave-calendar/?user=31&year=2025 HTTP/1.1" 200 457
INFO "GET /api/timehub/v1/leave-calendar/?user=31&year=2025 HTTP/1.1" 200 457
INFO "GET /api/timehub/v1/leave-balance/?user=31&year=2025 HTTP/1.1" 200 1292
INFO "GET /api/timehub/v1/leave-balance/?user=31&year=2025 HTTP/1.1" 200 1292
INFO "GET /admin/timehub/leavetype/ HTTP/1.1" 200 34751
INFO "GET /admin/jsi18n/ HTTP/1.1" 200 8691
INFO "GET /admin/timehub/leavetype/5/change/ HTTP/1.1" 200 32546
INFO "GET /admin/jsi18n/ HTTP/1.1" 200 8691
WARNING Unauthorized: /api/timehub/v1/leave-requests/
WARNING "POST /api/timehub/v1/leave-requests/ HTTP/1.1" 401 184
INFO "POST /api/timehub/v1/auth/token/refresh/ HTTP/1.1" 200 242
INFO "POST /api/timehub/v1/leave-requests/ HTTP/1.1" 201 520
INFO "OPTIONS /api/timehub/v1/leave-requests/13/submit/ HTTP/1.1" 200 0
WARNING Bad Request: /api/timehub/v1/leave-requests/13/submit/
WARNING "POST /api/timehub/v1/leave-requests/13/submit/ HTTP/1.1" 400 45
INFO "GET /api/timehub/v1/leave-types/?is_active=true HTTP/1.1" 200 2006
INFO "GET /api/timehub/v1/leave-requests/?user=31 HTTP/1.1" 200 1249
INFO "GET /api/timehub/v1/leave-calendar/?user=31&year=2025 HTTP/1.1" 200 1233
INFO "GET /api/timehub/v1/leave-calendar/?user=31&year=2025 HTTP/1.1" 200 1233
INFO "GET /api/timehub/v1/leave-balance/?user=31&year=2025 HTTP/1.1" 200 1292
INFO "GET /api/timehub/v1/leave-balance/?user=31&year=2025 HTTP/1.1" 200 1292
INFO "GET /api/timehub/v1/leave-requests/?status=SUBMITTED HTTP/1.1" 200 522
INFO "GET /api/timehub/v1/leave-requests/?status=SUBMITTED HTTP/1.1" 200 522
INFO "OPTIONS /api/timehub/v1/project-assignments/?user=31&start_date=2025-08-11&end_date=2025-08-18 HTTP/1.1" 200 0
INFO "OPTIONS /api/timehub/v1/project-assignments/?user=31&start_date=2025-08-11&end_date=2025-08-18 HTTP/1.1" 200 0
INFO "GET /api/timehub/v1/project-assignments/?user=31&start_date=2025-08-11&end_date=2025-08-18 HTTP/1.1" 200 473
INFO "GET /api/timehub/v1/project-assignments/?user=31&start_date=2025-08-11&end_date=2025-08-18 HTTP/1.1" 200 473
INFO "OPTIONS /api/timehub/v1/leave-requests/13/approve/ HTTP/1.1" 200 0
INFO "POST /api/timehub/v1/leave-requests/13/approve/ HTTP/1.1" 200 49
INFO "GET /api/timehub/v1/leave-requests/?status=SUBMITTED HTTP/1.1" 200 2
INFO "GET /api/timehub/v1/leave-types/?is_active=true HTTP/1.1" 200 2006
INFO "GET /api/timehub/v1/leave-requests/?user=31 HTTP/1.1" 200 1326
INFO "GET /api/timehub/v1/leave-requests/?status=SUBMITTED HTTP/1.1" 200 2
INFO "GET /api/timehub/v1/leave-requests/?status=SUBMITTED HTTP/1.1" 200 2
INFO "GET /api/timehub/v1/leave-calendar/?user=31&year=2025 HTTP/1.1" 200 1305
INFO "GET /api/timehub/v1/leave-calendar/?user=31&year=2025 HTTP/1.1" 200 1305
INFO "GET /api/timehub/v1/leave-balance/?user=31&year=2025 HTTP/1.1" 200 1292
INFO "GET /api/timehub/v1/leave-balance/?user=31&year=2025 HTTP/1.1" 200 1292
INFO "GET /admin/timehub/userprofile/ HTTP/1.1" 200 34357
INFO "GET /admin/jsi18n/ HTTP/1.1" 200 8691
INFO "GET /admin/timehub/userprofile/4/change/ HTTP/1.1" 200 37115
INFO "GET /admin/jsi18n/ HTTP/1.1" 200 8691
INFO "POST /admin/timehub/userprofile/4/change/ HTTP/1.1" 302 0
INFO "GET /admin/timehub/userprofile/ HTTP/1.1" 200 34598
INFO "GET /admin/jsi18n/ HTTP/1.1" 200 8691
INFO "GET /api/timehub/v1/leave-types/?is_active=true HTTP/1.1" 200 2006
INFO "GET /api/timehub/v1/leave-requests/?user=31 HTTP/1.1" 200 1326
INFO "GET /api/timehub/v1/leave-calendar/?user=31&year=2025 HTTP/1.1" 200 1305
INFO "GET /api/timehub/v1/leave-calendar/?user=31&year=2025 HTTP/1.1" 200 1305
INFO "GET /api/timehub/v1/leave-balance/?user=31&year=2025 HTTP/1.1" 200 1292
INFO "GET /api/timehub/v1/leave-balance/?user=31&year=2025 HTTP/1.1" 200 1292
INFO "GET /admin/timehub/country/ HTTP/1.1" 200 32594
INFO "GET /admin/jsi18n/ HTTP/1.1" 200 8691
INFO "GET /admin/timehub/country/1/change/ HTTP/1.1" 200 31512
INFO "GET /admin/jsi18n/ HTTP/1.1" 200 8691
INFO "GET /admin/timehub/holiday/ HTTP/1.1" 200 37863
INFO "GET /admin/jsi18n/ HTTP/1.1" 200 8691
INFO "GET /admin/timehub/holiday/add/ HTTP/1.1" 200 31718
INFO "GET /admin/jsi18n/ HTTP/1.1" 200 8691
INFO "GET /admin/timehub/leaverequest/ HTTP/1.1" 200 39412
INFO "GET /admin/jsi18n/ HTTP/1.1" 200 8691
INFO "GET /admin/timehub/leavetype/ HTTP/1.1" 200 34751
INFO "GET /admin/jsi18n/ HTTP/1.1" 200 8691
INFO "GET /admin/timehub/leavetype/5/change/ HTTP/1.1" 200 32546
INFO "GET /admin/jsi18n/ HTTP/1.1" 200 8691
INFO "GET /admin/timehub/userprofile/ HTTP/1.1" 200 34357
INFO "GET /admin/jsi18n/ HTTP/1.1" 200 8691
INFO "GET /admin/timehub/userprofile/4/change/ HTTP/1.1" 200 37115
INFO "GET /admin/jsi18n/ HTTP/1.1" 200 8691
INFO "GET /admin/timehub/userprofile/ HTTP/1.1" 200 34357
INFO "GET /admin/jsi18n/ HTTP/1.1" 200 8691
INFO "GET /admin/timehub/userprofile/1/change/ HTTP/1.1" 200 36947
INFO "GET /admin/jsi18n/ HTTP/1.1" 200 8691
INFO "GET /admin/timehub/leavetype/ HTTP/1.1" 200 34751
INFO "GET /admin/jsi18n/ HTTP/1.1" 200 8691
INFO "GET /admin/timehub/leavetype/1/change/ HTTP/1.1" 200 32502
INFO "GET /admin/jsi18n/ HTTP/1.1" 200 8691
INFO "GET /admin/timehub/country/ HTTP/1.1" 200 32594
INFO "GET /admin/jsi18n/ HTTP/1.1" 200 8691
INFO "GET /admin/timehub/country/1/change/ HTTP/1.1" 200 31512
INFO "GET /admin/jsi18n/ HTTP/1.1" 200 8691
WARNING Unauthorized: /api/timehub/v1/leave-requests/
WARNING "POST /api/timehub/v1/leave-requests/ HTTP/1.1" 401 184
INFO "POST /api/timehub/v1/auth/token/refresh/ HTTP/1.1" 200 242
INFO "POST /api/timehub/v1/leave-requests/ HTTP/1.1" 201 513
INFO "OPTIONS /api/timehub/v1/leave-requests/14/submit/ HTTP/1.1" 200 0
WARNING Bad Request: /api/timehub/v1/leave-requests/14/submit/
WARNING "POST /api/timehub/v1/leave-requests/14/submit/ HTTP/1.1" 400 45
INFO "GET /api/timehub/v1/leave-types/?is_active=true HTTP/1.1" 200 2006
INFO "GET /api/timehub/v1/leave-requests/?user=31 HTTP/1.1" 200 1840
INFO "GET /api/timehub/v1/leave-calendar/?user=31&year=2025 HTTP/1.1" 200 2081
INFO "GET /api/timehub/v1/leave-calendar/?user=31&year=2025 HTTP/1.1" 200 2081
INFO "GET /api/timehub/v1/leave-balance/?user=31&year=2025 HTTP/1.1" 200 1292
INFO "GET /api/timehub/v1/leave-balance/?user=31&year=2025 HTTP/1.1" 200 1292
INFO "GET /api/timehub/v1/leave-requests/?status=SUBMITTED HTTP/1.1" 200 515
INFO "GET /api/timehub/v1/leave-requests/?status=SUBMITTED HTTP/1.1" 200 515
INFO "GET /api/timehub/v1/leave-calendar/?user=31&year=2025 HTTP/1.1" 200 2081
INFO "GET /api/timehub/v1/leave-calendar/?user=31&year=2025 HTTP/1.1" 200 2081
INFO "GET /api/timehub/v1/leave-balance/?user=31&year=2025 HTTP/1.1" 200 1292
INFO "GET /api/timehub/v1/leave-balance/?user=31&year=2025 HTTP/1.1" 200 1292
INFO "GET /api/kanban/projects/ HTTP/1.1" 200 2080
INFO "GET /api/kanban/projects/1/ HTTP/1.1" 200 715
INFO "GET /api/kanban/statuses/ HTTP/1.1" 200 113
INFO "GET /api/kanban/projects/1/ HTTP/1.1" 200 715
INFO "GET /api/kanban/statuses/ HTTP/1.1" 200 113
INFO "GET /api/kanban/projects/ HTTP/1.1" 200 2080
INFO "GET /api/kanban/projects/ HTTP/1.1" 200 2080
INFO "GET /api/kanban/projects/ HTTP/1.1" 200 2080
INFO "GET /api/kanban/projects/ HTTP/1.1" 200 2080
INFO "GET /api/kanban/projects/ HTTP/1.1" 200 2080
INFO "GET /api/kanban/projects/ HTTP/1.1" 200 2080
INFO "GET /api/kanban/projects/ HTTP/1.1" 200 2080
INFO "GET /api/kanban/projects/ HTTP/1.1" 200 2080
INFO "GET /api/kanban/projects/ HTTP/1.1" 200 2080
INFO "GET /api/kanban/statuses/ HTTP/1.1" 200 113
INFO "GET /api/kanban/projects/ HTTP/1.1" 200 2080
INFO "GET /api/kanban/statuses/ HTTP/1.1" 200 113
INFO "GET /api/kanban/projects/ HTTP/1.1" 200 2080
INFO "GET /api/kanban/projects/ HTTP/1.1" 200 2080
INFO "GET /api/kanban/projects/1/ HTTP/1.1" 200 715
INFO "GET /api/kanban/statuses/ HTTP/1.1" 200 113
INFO "GET /api/kanban/statuses/ HTTP/1.1" 200 113
INFO "GET /api/kanban/projects/1/ HTTP/1.1" 200 715
INFO "GET /api/kanban/projects/ HTTP/1.1" 200 2080
INFO "GET /api/kanban/projects/1/ HTTP/1.1" 200 715
INFO "GET /api/kanban/statuses/ HTTP/1.1" 200 113
INFO "GET /api/kanban/projects/1/ HTTP/1.1" 200 715
INFO "GET /api/kanban/statuses/ HTTP/1.1" 200 113
INFO "GET /api/kanban/projects/ HTTP/1.1" 200 2080
INFO "GET /api/kanban/projects/ HTTP/1.1" 200 2080
INFO "GET /api/kanban/statuses/ HTTP/1.1" 200 113
INFO "GET /api/kanban/statuses/ HTTP/1.1" 200 113
INFO C:\Users\davi_\Documents\Render\mi_api_backend\timehub\models.py changed, reloading.
Performing system checks...

System check identified no issues (0 silenced).
July 28, 2025 - 19:31:40
Django version 5.2.3, using settings 'core.settings'
Starting development server at http://127.0.0.1:8000/
Quit the server with CTRL-BREAK.

WARNING: This is a development server. Do not use it in a production setting. Use a production WSGI or ASGI server instead.
For more information on production servers see: https://docs.djangoproject.com/en/5.2/howto/deployment/
INFO Watching for file changes with StatReloader
INFO C:\Users\davi_\Documents\Render\mi_api_backend\timehub\views.py changed, reloading.
Performing system checks...

System check identified no issues (0 silenced).
July 28, 2025 - 22:02:49
Django version 5.2.3, using settings 'core.settings'
Starting development server at http://127.0.0.1:8000/
Quit the server with CTRL-BREAK.

WARNING: This is a development server. Do not use it in a production setting. Use a production WSGI or ASGI server instead.
For more information on production servers see: https://docs.djangoproject.com/en/5.2/howto/deployment/
INFO Watching for file changes with StatReloader
INFO C:\Users\davi_\Documents\Render\mi_api_backend\timehub\views.py changed, reloading.
Performing system checks...

System check identified no issues (0 silenced).
July 28, 2025 - 22:03:42
Django version 5.2.3, using settings 'core.settings'
Starting development server at http://127.0.0.1:8000/
Quit the server with CTRL-BREAK.

WARNING: This is a development server. Do not use it in a production setting. Use a production WSGI or ASGI server instead.
For more information on production servers see: https://docs.djangoproject.com/en/5.2/howto/deployment/
INFO Watching for file changes with StatReloader
INFO C:\Users\davi_\Documents\Render\mi_api_backend\timehub\views.py changed, reloading.
Performing system checks...

System check identified no issues (0 silenced).
July 28, 2025 - 22:12:17
Django version 5.2.3, using settings 'core.settings'
Starting development server at http://127.0.0.1:8000/
Quit the server with CTRL-BREAK.

WARNING: This is a development server. Do not use it in a production setting. Use a production WSGI or ASGI server instead.
For more information on production servers see: https://docs.djangoproject.com/en/5.2/howto/deployment/
INFO Watching for file changes with StatReloader
INFO C:\Users\davi_\Documents\Render\mi_api_backend\timehub\models.py changed, reloading.
Performing system checks...

System check identified no issues (0 silenced).
July 28, 2025 - 22:28:37
Django version 5.2.3, using settings 'core.settings'
Starting development server at http://127.0.0.1:8000/
Quit the server with CTRL-BREAK.

WARNING: This is a development server. Do not use it in a production setting. Use a production WSGI or ASGI server instead.
For more information on production servers see: https://docs.djangoproject.com/en/5.2/howto/deployment/
INFO Watching for file changes with StatReloader
INFO C:\Users\davi_\Documents\Render\mi_api_backend\timehub\models.py changed, reloading.
Performing system checks...

System check identified no issues (0 silenced).
July 28, 2025 - 22:28:56
Django version 5.2.3, using settings 'core.settings'
Starting development server at http://127.0.0.1:8000/
Quit the server with CTRL-BREAK.

WARNING: This is a development server. Do not use it in a production setting. Use a production WSGI or ASGI server instead.
For more information on production servers see: https://docs.djangoproject.com/en/5.2/howto/deployment/
INFO Watching for file changes with StatReloader
INFO C:\Users\davi_\Documents\Render\mi_api_backend\timehub\models.py changed, reloading.
Performing system checks...

System check identified no issues (0 silenced).
July 28, 2025 - 22:29:00
Django version 5.2.3, using settings 'core.settings'
Starting development server at http://127.0.0.1:8000/
Quit the server with CTRL-BREAK.

WARNING: This is a development server. Do not use it in a production setting. Use a production WSGI or ASGI server instead.
For more information on production servers see: https://docs.djangoproject.com/en/5.2/howto/deployment/
INFO Watching for file changes with StatReloader
INFO C:\Users\davi_\Documents\Render\mi_api_backend\timehub\models.py changed, reloading.
Performing system checks...

System check identified no issues (0 silenced).
July 28, 2025 - 23:08:39
Django version 5.2.3, using settings 'core.settings'
Starting development server at http://127.0.0.1:8000/
Quit the server with CTRL-BREAK.

WARNING: This is a development server. Do not use it in a production setting. Use a production WSGI or ASGI server instead.
For more information on production servers see: https://docs.djangoproject.com/en/5.2/howto/deployment/
INFO Watching for file changes with StatReloader
